The system is: Linux - 4.4.0-19041-Microsoft - x86_64
Compiling the C compiler identification source file "CMakeCCompilerId.c" succeeded.
Compiler: /usr/bin/cc 
Build flags: 
Id flags:  

The output was:
0


Compilation of the C compiler identification source "CMakeCCompilerId.c" produced "a.out"

The C compiler identification is GNU, found in "/mnt/d/Local_Lab/leetcode/array/build/CMakeFiles/3.16.3/CompilerIdC/a.out"

Compiling the CXX compiler identification source file "CMakeCXXCompilerId.cpp" succeeded.
Compiler: /usr/bin/c++ 
Build flags: 
Id flags:  

The output was:
0


Compilation of the CXX compiler identification source "CMakeCXXCompilerId.cpp" produced "a.out"

The CXX compiler identification is GNU, found in "/mnt/d/Local_Lab/leetcode/array/build/CMakeFiles/3.16.3/CompilerIdCXX/a.out"

Determining if the C compiler works passed with the following output:
Change Dir: /mnt/d/Local_Lab/leetcode/array/build/CMakeFiles/CMakeTmp

Run Build Command(s):/usr/bin/make cmTC_3ce3b/fast && /usr/bin/make -f CMakeFiles/cmTC_3ce3b.dir/build.make CMakeFiles/cmTC_3ce3b.dir/build
make[1]: Entering directory '/mnt/d/Local_Lab/leetcode/array/build/CMakeFiles/CMakeTmp'
Building C object CMakeFiles/cmTC_3ce3b.dir/testCCompiler.c.o
/usr/bin/cc    -o CMakeFiles/cmTC_3ce3b.dir/testCCompiler.c.o   -c /mnt/d/Local_Lab/leetcode/array/build/CMakeFiles/CMakeTmp/testCCompiler.c
Linking C executable cmTC_3ce3b
/usr/bin/cmake -E cmake_link_script CMakeFiles/cmTC_3ce3b.dir/link.txt --verbose=1
/usr/bin/cc      -rdynamic CMakeFiles/cmTC_3ce3b.dir/testCCompiler.c.o  -o cmTC_3ce3b 
make[1]: Leaving directory '/mnt/d/Local_Lab/leetcode/array/build/CMakeFiles/CMakeTmp'



Determining if the CXX compiler works passed with the following output:
Change Dir: /mnt/d/Local_Lab/leetcode/array/build/CMakeFiles/CMakeTmp

Run Build Command(s):/usr/bin/make cmTC_4c1e3/fast && /usr/bin/make -f CMakeFiles/cmTC_4c1e3.dir/build.make CMakeFiles/cmTC_4c1e3.dir/build
make[1]: Entering directory '/mnt/d/Local_Lab/leetcode/array/build/CMakeFiles/CMakeTmp'
Building CXX object CMakeFiles/cmTC_4c1e3.dir/testCXXCompiler.cxx.o
/usr/bin/c++     -o CMakeFiles/cmTC_4c1e3.dir/testCXXCompiler.cxx.o -c /mnt/d/Local_Lab/leetcode/array/build/CMakeFiles/CMakeTmp/testCXXCompiler.cxx
Linking CXX executable cmTC_4c1e3
/usr/bin/cmake -E cmake_link_script CMakeFiles/cmTC_4c1e3.dir/link.txt --verbose=1
/usr/bin/c++       -rdynamic CMakeFiles/cmTC_4c1e3.dir/testCXXCompiler.cxx.o  -o cmTC_4c1e3 
make[1]: Leaving directory '/mnt/d/Local_Lab/leetcode/array/build/CMakeFiles/CMakeTmp'



Determining if the include file pthread.h exists passed with the following output:
Change Dir: /mnt/d/Local_Lab/leetcode/array/build/CMakeFiles/CMakeTmp

Run Build Command(s):/usr/bin/make cmTC_6b652/fast && /usr/bin/make -f CMakeFiles/cmTC_6b652.dir/build.make CMakeFiles/cmTC_6b652.dir/build
make[1]: Entering directory '/mnt/d/Local_Lab/leetcode/array/build/CMakeFiles/CMakeTmp'
Building C object CMakeFiles/cmTC_6b652.dir/CheckIncludeFile.c.o
/usr/bin/cc    -o CMakeFiles/cmTC_6b652.dir/CheckIncludeFile.c.o   -c /mnt/d/Local_Lab/leetcode/array/build/CMakeFiles/CMakeTmp/CheckIncludeFile.c
Linking C executable cmTC_6b652
/usr/bin/cmake -E cmake_link_script CMakeFiles/cmTC_6b652.dir/link.txt --verbose=1
/usr/bin/cc      -rdynamic CMakeFiles/cmTC_6b652.dir/CheckIncludeFile.c.o  -o cmTC_6b652 
make[1]: Leaving directory '/mnt/d/Local_Lab/leetcode/array/build/CMakeFiles/CMakeTmp'



Determining if the function pthread_create exists in the pthread passed with the following output:
Change Dir: /mnt/d/Local_Lab/leetcode/array/build/CMakeFiles/CMakeTmp

Run Build Command(s):/usr/bin/make cmTC_42d9b/fast && /usr/bin/make -f CMakeFiles/cmTC_42d9b.dir/build.make CMakeFiles/cmTC_42d9b.dir/build
make[1]: Entering directory '/mnt/d/Local_Lab/leetcode/array/build/CMakeFiles/CMakeTmp'
Building C object CMakeFiles/cmTC_42d9b.dir/CheckFunctionExists.c.o
/usr/bin/cc   -DCHECK_FUNCTION_EXISTS=pthread_create   -o CMakeFiles/cmTC_42d9b.dir/CheckFunctionExists.c.o   -c /usr/share/cmake-3.16/Modules/CheckFunctionExists.c
Linking C executable cmTC_42d9b
/usr/bin/cmake -E cmake_link_script CMakeFiles/cmTC_42d9b.dir/link.txt --verbose=1
/usr/bin/cc  -DCHECK_FUNCTION_EXISTS=pthread_create    -rdynamic CMakeFiles/cmTC_42d9b.dir/CheckFunctionExists.c.o  -o cmTC_42d9b  -lpthread 
make[1]: Leaving directory '/mnt/d/Local_Lab/leetcode/array/build/CMakeFiles/CMakeTmp'



