The system is: Linux - 4.4.0-19041-Microsoft - x86_64
Compiling the C compiler identification source file "CMakeCCompilerId.c" succeeded.
Compiler: /usr/bin/cc 
Build flags: 
Id flags:  

The output was:
0


Compilation of the C compiler identification source "CMakeCCompilerId.c" produced "a.out"

The C compiler identification is GNU, found in "/mnt/d/Local_Lab/LeetCode/link_list/build/CMakeFiles/3.16.3/CompilerIdC/a.out"

Compiling the CXX compiler identification source file "CMakeCXXCompilerId.cpp" succeeded.
Compiler: /usr/bin/c++ 
Build flags: 
Id flags:  

The output was:
0


Compilation of the CXX compiler identification source "CMakeCXXCompilerId.cpp" produced "a.out"

The CXX compiler identification is GNU, found in "/mnt/d/Local_Lab/LeetCode/link_list/build/CMakeFiles/3.16.3/CompilerIdCXX/a.out"

Determining if the C compiler works passed with the following output:
Change Dir: /mnt/d/Local_Lab/LeetCode/link_list/build/CMakeFiles/CMakeTmp

Run Build Command(s):/usr/bin/make cmTC_ba013/fast && /usr/bin/make -f CMakeFiles/cmTC_ba013.dir/build.make CMakeFiles/cmTC_ba013.dir/build
make[1]: Entering directory '/mnt/d/Local_Lab/LeetCode/link_list/build/CMakeFiles/CMakeTmp'
Building C object CMakeFiles/cmTC_ba013.dir/testCCompiler.c.o
/usr/bin/cc    -o CMakeFiles/cmTC_ba013.dir/testCCompiler.c.o   -c /mnt/d/Local_Lab/LeetCode/link_list/build/CMakeFiles/CMakeTmp/testCCompiler.c
Linking C executable cmTC_ba013
/usr/bin/cmake -E cmake_link_script CMakeFiles/cmTC_ba013.dir/link.txt --verbose=1
/usr/bin/cc      -rdynamic CMakeFiles/cmTC_ba013.dir/testCCompiler.c.o  -o cmTC_ba013 
make[1]: Leaving directory '/mnt/d/Local_Lab/LeetCode/link_list/build/CMakeFiles/CMakeTmp'



Determining if the CXX compiler works passed with the following output:
Change Dir: /mnt/d/Local_Lab/LeetCode/link_list/build/CMakeFiles/CMakeTmp

Run Build Command(s):/usr/bin/make cmTC_d04c4/fast && /usr/bin/make -f CMakeFiles/cmTC_d04c4.dir/build.make CMakeFiles/cmTC_d04c4.dir/build
make[1]: Entering directory '/mnt/d/Local_Lab/LeetCode/link_list/build/CMakeFiles/CMakeTmp'
Building CXX object CMakeFiles/cmTC_d04c4.dir/testCXXCompiler.cxx.o
/usr/bin/c++     -o CMakeFiles/cmTC_d04c4.dir/testCXXCompiler.cxx.o -c /mnt/d/Local_Lab/LeetCode/link_list/build/CMakeFiles/CMakeTmp/testCXXCompiler.cxx
Linking CXX executable cmTC_d04c4
/usr/bin/cmake -E cmake_link_script CMakeFiles/cmTC_d04c4.dir/link.txt --verbose=1
/usr/bin/c++       -rdynamic CMakeFiles/cmTC_d04c4.dir/testCXXCompiler.cxx.o  -o cmTC_d04c4 
make[1]: Leaving directory '/mnt/d/Local_Lab/LeetCode/link_list/build/CMakeFiles/CMakeTmp'



Determining if the include file pthread.h exists passed with the following output:
Change Dir: /mnt/d/Local_Lab/LeetCode/link_list/build/CMakeFiles/CMakeTmp

Run Build Command(s):/usr/bin/make cmTC_f0956/fast && /usr/bin/make -f CMakeFiles/cmTC_f0956.dir/build.make CMakeFiles/cmTC_f0956.dir/build
make[1]: Entering directory '/mnt/d/Local_Lab/LeetCode/link_list/build/CMakeFiles/CMakeTmp'
Building C object CMakeFiles/cmTC_f0956.dir/CheckIncludeFile.c.o
/usr/bin/cc    -o CMakeFiles/cmTC_f0956.dir/CheckIncludeFile.c.o   -c /mnt/d/Local_Lab/LeetCode/link_list/build/CMakeFiles/CMakeTmp/CheckIncludeFile.c
Linking C executable cmTC_f0956
/usr/bin/cmake -E cmake_link_script CMakeFiles/cmTC_f0956.dir/link.txt --verbose=1
/usr/bin/cc      -rdynamic CMakeFiles/cmTC_f0956.dir/CheckIncludeFile.c.o  -o cmTC_f0956 
make[1]: Leaving directory '/mnt/d/Local_Lab/LeetCode/link_list/build/CMakeFiles/CMakeTmp'



Determining if the function pthread_create exists in the pthread passed with the following output:
Change Dir: /mnt/d/Local_Lab/LeetCode/link_list/build/CMakeFiles/CMakeTmp

Run Build Command(s):/usr/bin/make cmTC_b8798/fast && /usr/bin/make -f CMakeFiles/cmTC_b8798.dir/build.make CMakeFiles/cmTC_b8798.dir/build
make[1]: Entering directory '/mnt/d/Local_Lab/LeetCode/link_list/build/CMakeFiles/CMakeTmp'
Building C object CMakeFiles/cmTC_b8798.dir/CheckFunctionExists.c.o
/usr/bin/cc   -DCHECK_FUNCTION_EXISTS=pthread_create   -o CMakeFiles/cmTC_b8798.dir/CheckFunctionExists.c.o   -c /usr/share/cmake-3.16/Modules/CheckFunctionExists.c
Linking C executable cmTC_b8798
/usr/bin/cmake -E cmake_link_script CMakeFiles/cmTC_b8798.dir/link.txt --verbose=1
/usr/bin/cc  -DCHECK_FUNCTION_EXISTS=pthread_create    -rdynamic CMakeFiles/cmTC_b8798.dir/CheckFunctionExists.c.o  -o cmTC_b8798  -lpthread 
make[1]: Leaving directory '/mnt/d/Local_Lab/LeetCode/link_list/build/CMakeFiles/CMakeTmp'



