The system is: Linux - 4.4.0-19041-Microsoft - x86_64
Compiling the C compiler identification source file "CMakeCCompilerId.c" succeeded.
Compiler: /usr/bin/cc 
Build flags: 
Id flags:  

The output was:
0


Compilation of the C compiler identification source "CMakeCCompilerId.c" produced "a.out"

The C compiler identification is GNU, found in "/mnt/d/Local_Lab/leetcode/matrix/build/CMakeFiles/3.16.3/CompilerIdC/a.out"

Compiling the CXX compiler identification source file "CMakeCXXCompilerId.cpp" succeeded.
Compiler: /usr/bin/c++ 
Build flags: 
Id flags:  

The output was:
0


Compilation of the CXX compiler identification source "CMakeCXXCompilerId.cpp" produced "a.out"

The CXX compiler identification is GNU, found in "/mnt/d/Local_Lab/leetcode/matrix/build/CMakeFiles/3.16.3/CompilerIdCXX/a.out"

Determining if the C compiler works passed with the following output:
Change Dir: /mnt/d/Local_Lab/leetcode/matrix/build/CMakeFiles/CMakeTmp

Run Build Command(s):/usr/bin/make cmTC_d8628/fast && /usr/bin/make -f CMakeFiles/cmTC_d8628.dir/build.make CMakeFiles/cmTC_d8628.dir/build
make[1]: Entering directory '/mnt/d/Local_Lab/leetcode/matrix/build/CMakeFiles/CMakeTmp'
Building C object CMakeFiles/cmTC_d8628.dir/testCCompiler.c.o
/usr/bin/cc    -o CMakeFiles/cmTC_d8628.dir/testCCompiler.c.o   -c /mnt/d/Local_Lab/leetcode/matrix/build/CMakeFiles/CMakeTmp/testCCompiler.c
Linking C executable cmTC_d8628
/usr/bin/cmake -E cmake_link_script CMakeFiles/cmTC_d8628.dir/link.txt --verbose=1
/usr/bin/cc      -rdynamic CMakeFiles/cmTC_d8628.dir/testCCompiler.c.o  -o cmTC_d8628 
make[1]: Leaving directory '/mnt/d/Local_Lab/leetcode/matrix/build/CMakeFiles/CMakeTmp'



Determining if the CXX compiler works passed with the following output:
Change Dir: /mnt/d/Local_Lab/leetcode/matrix/build/CMakeFiles/CMakeTmp

Run Build Command(s):/usr/bin/make cmTC_641af/fast && /usr/bin/make -f CMakeFiles/cmTC_641af.dir/build.make CMakeFiles/cmTC_641af.dir/build
make[1]: Entering directory '/mnt/d/Local_Lab/leetcode/matrix/build/CMakeFiles/CMakeTmp'
Building CXX object CMakeFiles/cmTC_641af.dir/testCXXCompiler.cxx.o
/usr/bin/c++     -o CMakeFiles/cmTC_641af.dir/testCXXCompiler.cxx.o -c /mnt/d/Local_Lab/leetcode/matrix/build/CMakeFiles/CMakeTmp/testCXXCompiler.cxx
Linking CXX executable cmTC_641af
/usr/bin/cmake -E cmake_link_script CMakeFiles/cmTC_641af.dir/link.txt --verbose=1
/usr/bin/c++       -rdynamic CMakeFiles/cmTC_641af.dir/testCXXCompiler.cxx.o  -o cmTC_641af 
make[1]: Leaving directory '/mnt/d/Local_Lab/leetcode/matrix/build/CMakeFiles/CMakeTmp'



Determining if the include file pthread.h exists passed with the following output:
Change Dir: /mnt/d/Local_Lab/leetcode/matrix/build/CMakeFiles/CMakeTmp

Run Build Command(s):/usr/bin/make cmTC_5522a/fast && /usr/bin/make -f CMakeFiles/cmTC_5522a.dir/build.make CMakeFiles/cmTC_5522a.dir/build
make[1]: Entering directory '/mnt/d/Local_Lab/leetcode/matrix/build/CMakeFiles/CMakeTmp'
Building C object CMakeFiles/cmTC_5522a.dir/CheckIncludeFile.c.o
/usr/bin/cc    -o CMakeFiles/cmTC_5522a.dir/CheckIncludeFile.c.o   -c /mnt/d/Local_Lab/leetcode/matrix/build/CMakeFiles/CMakeTmp/CheckIncludeFile.c
Linking C executable cmTC_5522a
/usr/bin/cmake -E cmake_link_script CMakeFiles/cmTC_5522a.dir/link.txt --verbose=1
/usr/bin/cc      -rdynamic CMakeFiles/cmTC_5522a.dir/CheckIncludeFile.c.o  -o cmTC_5522a 
make[1]: Leaving directory '/mnt/d/Local_Lab/leetcode/matrix/build/CMakeFiles/CMakeTmp'



Determining if the function pthread_create exists in the pthread passed with the following output:
Change Dir: /mnt/d/Local_Lab/leetcode/matrix/build/CMakeFiles/CMakeTmp

Run Build Command(s):/usr/bin/make cmTC_d06d8/fast && /usr/bin/make -f CMakeFiles/cmTC_d06d8.dir/build.make CMakeFiles/cmTC_d06d8.dir/build
make[1]: Entering directory '/mnt/d/Local_Lab/leetcode/matrix/build/CMakeFiles/CMakeTmp'
Building C object CMakeFiles/cmTC_d06d8.dir/CheckFunctionExists.c.o
/usr/bin/cc   -DCHECK_FUNCTION_EXISTS=pthread_create   -o CMakeFiles/cmTC_d06d8.dir/CheckFunctionExists.c.o   -c /usr/share/cmake-3.16/Modules/CheckFunctionExists.c
Linking C executable cmTC_d06d8
/usr/bin/cmake -E cmake_link_script CMakeFiles/cmTC_d06d8.dir/link.txt --verbose=1
/usr/bin/cc  -DCHECK_FUNCTION_EXISTS=pthread_create    -rdynamic CMakeFiles/cmTC_d06d8.dir/CheckFunctionExists.c.o  -o cmTC_d06d8  -lpthread 
make[1]: Leaving directory '/mnt/d/Local_Lab/leetcode/matrix/build/CMakeFiles/CMakeTmp'



