The system is: Linux - 4.4.0-19041-Microsoft - x86_64
Compiling the C compiler identification source file "CMakeCCompilerId.c" succeeded.
Compiler: /usr/bin/cc 
Build flags: 
Id flags:  

The output was:
0


Compilation of the C compiler identification source "CMakeCCompilerId.c" produced "a.out"

The C compiler identification is GNU, found in "/mnt/d/Local_Lab/LeetEveryday/sort/build/CMakeFiles/3.16.3/CompilerIdC/a.out"

Compiling the CXX compiler identification source file "CMakeCXXCompilerId.cpp" succeeded.
Compiler: /usr/bin/c++ 
Build flags: 
Id flags:  

The output was:
0


Compilation of the CXX compiler identification source "CMakeCXXCompilerId.cpp" produced "a.out"

The CXX compiler identification is GNU, found in "/mnt/d/Local_Lab/LeetEveryday/sort/build/CMakeFiles/3.16.3/CompilerIdCXX/a.out"

Determining if the C compiler works passed with the following output:
Change Dir: /mnt/d/Local_Lab/LeetEveryday/sort/build/CMakeFiles/CMakeTmp

Run Build Command(s):/usr/bin/make cmTC_48f53/fast && /usr/bin/make -f CMakeFiles/cmTC_48f53.dir/build.make CMakeFiles/cmTC_48f53.dir/build
make[1]: Entering directory '/mnt/d/Local_Lab/LeetEveryday/sort/build/CMakeFiles/CMakeTmp'
Building C object CMakeFiles/cmTC_48f53.dir/testCCompiler.c.o
/usr/bin/cc    -o CMakeFiles/cmTC_48f53.dir/testCCompiler.c.o   -c /mnt/d/Local_Lab/LeetEveryday/sort/build/CMakeFiles/CMakeTmp/testCCompiler.c
Linking C executable cmTC_48f53
/usr/bin/cmake -E cmake_link_script CMakeFiles/cmTC_48f53.dir/link.txt --verbose=1
/usr/bin/cc      -rdynamic CMakeFiles/cmTC_48f53.dir/testCCompiler.c.o  -o cmTC_48f53 
make[1]: Leaving directory '/mnt/d/Local_Lab/LeetEveryday/sort/build/CMakeFiles/CMakeTmp'



Determining if the CXX compiler works passed with the following output:
Change Dir: /mnt/d/Local_Lab/LeetEveryday/sort/build/CMakeFiles/CMakeTmp

Run Build Command(s):/usr/bin/make cmTC_5830f/fast && /usr/bin/make -f CMakeFiles/cmTC_5830f.dir/build.make CMakeFiles/cmTC_5830f.dir/build
make[1]: Entering directory '/mnt/d/Local_Lab/LeetEveryday/sort/build/CMakeFiles/CMakeTmp'
Building CXX object CMakeFiles/cmTC_5830f.dir/testCXXCompiler.cxx.o
/usr/bin/c++     -o CMakeFiles/cmTC_5830f.dir/testCXXCompiler.cxx.o -c /mnt/d/Local_Lab/LeetEveryday/sort/build/CMakeFiles/CMakeTmp/testCXXCompiler.cxx
Linking CXX executable cmTC_5830f
/usr/bin/cmake -E cmake_link_script CMakeFiles/cmTC_5830f.dir/link.txt --verbose=1
/usr/bin/c++       -rdynamic CMakeFiles/cmTC_5830f.dir/testCXXCompiler.cxx.o  -o cmTC_5830f 
make[1]: Leaving directory '/mnt/d/Local_Lab/LeetEveryday/sort/build/CMakeFiles/CMakeTmp'



Determining if the include file pthread.h exists passed with the following output:
Change Dir: /mnt/d/Local_Lab/LeetEveryday/sort/build/CMakeFiles/CMakeTmp

Run Build Command(s):/usr/bin/make cmTC_aa1f5/fast && /usr/bin/make -f CMakeFiles/cmTC_aa1f5.dir/build.make CMakeFiles/cmTC_aa1f5.dir/build
make[1]: Entering directory '/mnt/d/Local_Lab/LeetEveryday/sort/build/CMakeFiles/CMakeTmp'
Building C object CMakeFiles/cmTC_aa1f5.dir/CheckIncludeFile.c.o
/usr/bin/cc    -o CMakeFiles/cmTC_aa1f5.dir/CheckIncludeFile.c.o   -c /mnt/d/Local_Lab/LeetEveryday/sort/build/CMakeFiles/CMakeTmp/CheckIncludeFile.c
Linking C executable cmTC_aa1f5
/usr/bin/cmake -E cmake_link_script CMakeFiles/cmTC_aa1f5.dir/link.txt --verbose=1
/usr/bin/cc      -rdynamic CMakeFiles/cmTC_aa1f5.dir/CheckIncludeFile.c.o  -o cmTC_aa1f5 
make[1]: Leaving directory '/mnt/d/Local_Lab/LeetEveryday/sort/build/CMakeFiles/CMakeTmp'



Determining if the function pthread_create exists in the pthread passed with the following output:
Change Dir: /mnt/d/Local_Lab/LeetEveryday/sort/build/CMakeFiles/CMakeTmp

Run Build Command(s):/usr/bin/make cmTC_e8841/fast && /usr/bin/make -f CMakeFiles/cmTC_e8841.dir/build.make CMakeFiles/cmTC_e8841.dir/build
make[1]: Entering directory '/mnt/d/Local_Lab/LeetEveryday/sort/build/CMakeFiles/CMakeTmp'
Building C object CMakeFiles/cmTC_e8841.dir/CheckFunctionExists.c.o
/usr/bin/cc   -DCHECK_FUNCTION_EXISTS=pthread_create   -o CMakeFiles/cmTC_e8841.dir/CheckFunctionExists.c.o   -c /usr/share/cmake-3.16/Modules/CheckFunctionExists.c
Linking C executable cmTC_e8841
/usr/bin/cmake -E cmake_link_script CMakeFiles/cmTC_e8841.dir/link.txt --verbose=1
/usr/bin/cc  -DCHECK_FUNCTION_EXISTS=pthread_create    -rdynamic CMakeFiles/cmTC_e8841.dir/CheckFunctionExists.c.o  -o cmTC_e8841  -lpthread 
make[1]: Leaving directory '/mnt/d/Local_Lab/LeetEveryday/sort/build/CMakeFiles/CMakeTmp'



